0 info it worked if it ends with ok
1 verbose cli [ 'C:\\Program Files\\nodejs\\node.exe',
1 verbose cli   'C:\\Program Files\\nodejs\\node_modules\\npm\\bin\\npm-cli.js',
1 verbose cli   'run',
1 verbose cli   'myapp' ]
2 info using npm@4.1.2
3 info using node@v7.6.0
4 verbose run-script [ 'premyapp', 'myapp', 'postmyapp' ]
5 info lifecycle app@0.0.0~premyapp: app@0.0.0
6 silly lifecycle app@0.0.0~premyapp: no script for premyapp, continuing
7 info lifecycle app@0.0.0~myapp: app@0.0.0
8 verbose lifecycle app@0.0.0~myapp: unsafe-perm in lifecycle true
9 verbose lifecycle app@0.0.0~myapp: PATH: C:\Program Files\nodejs\node_modules\npm\bin\node-gyp-bin;D:\Sources\youtube_manager\node_modules\.bin;C:\Program Files\nodejs\node_modules\npm\bin\node-gyp-bin;D:\Sources\youtube_manager\node_modules\.bin;C:\Python36\Scripts\;C:\Python36\;C:\tools\ruby23\bin;C:\tools\ruby22\bin;C:\ProgramData\Oracle\Java\javapath;C:\Windows\system32;C:\Windows;C:\Windows\System32\Wbem;C:\Windows\System32\WindowsPowerShell\v1.0\;C:\ProgramData\chocolatey\bin;C:\Program Files (x86)\Skype\Phone\;C:\Program Files\Java\jre1.8.0_73\bin;C:\Users\xav51\.dnx\bin;C:\Program Files\Microsoft DNX\Dnvm\;C:\Program Files (x86)\GtkSharp\2.12\bin;C:\Program Files\Calibre2\;C:\ProgramData\chocolatey\lib\mpv.portable\tools;C:\Program Files (x86)\IVI Foundation\VISA\WinNT\Bin;C:\WINDOWS\system32;C:\WINDOWS;C:\Users\xav51\AppData\Local\Microsoft\WindowsApps;C:\WINDOWS\System32\Wbem;C:\WINDOWS\System32\WindowsPowerShell\v1.0\;C:\Program Files (x86)\NVIDIA Corporation\PhysX\Common;C:\WINDOWS\system32;C:\WINDOWS;C:\WINDOWS\System32\Wbem;C:\WINDOWS\System32\WindowsPowerShell\v1.0\;C:\Program Files\OpenVPN\bin;C:\Program Files (x86)\GitExtensions\;C:\Program Files\Microsoft SQL Server\130\Tools\Binn\;C:\Program Files (x86)\Microsoft Emulator Manager\1.0\;C:\Program Files (x86)\Windows Kits\10\Windows Performance Toolkit\;C:\Program Files\dotnet\;C:\Program Files\Microsoft\Web Platform Installer\;C:\Program Files\Git\cmd;C:\ProgramData\chocolatey\lib\mpv.install\tools;C:\Program Files\nodejs\;C:\Program Files (x86)\Microsoft VS Code\bin;C:\Program Files\kdiff3;C:\PROGRA~2\Oracle\VirtualBox;C:\Users\xav51\AppData\Local\Microsoft\WindowsApps;C:\Program Files\Oracle\VirtualBox;C:\Users\xav51\AppData\Roaming\npm;
10 verbose lifecycle app@0.0.0~myapp: CWD: D:\Sources\youtube_manager
11 silly lifecycle app@0.0.0~myapp: Args: [ '/d /s /c',
11 silly lifecycle   'node-sass --include-path scss scss/main.scss public/stylesheets/main.css && node ./bin/www' ]
12 silly lifecycle app@0.0.0~myapp: Returned: code: 1  signal: null
13 info lifecycle app@0.0.0~myapp: Failed to exec myapp script
14 verbose stack Error: app@0.0.0 myapp: `node-sass --include-path scss scss/main.scss public/stylesheets/main.css && node ./bin/www`
14 verbose stack Exit status 1
14 verbose stack     at EventEmitter.<anonymous> (C:\Program Files\nodejs\node_modules\npm\lib\utils\lifecycle.js:279:16)
14 verbose stack     at emitTwo (events.js:106:13)
14 verbose stack     at EventEmitter.emit (events.js:192:7)
14 verbose stack     at ChildProcess.<anonymous> (C:\Program Files\nodejs\node_modules\npm\lib\utils\spawn.js:40:14)
14 verbose stack     at emitTwo (events.js:106:13)
14 verbose stack     at ChildProcess.emit (events.js:192:7)
14 verbose stack     at maybeClose (internal/child_process.js:890:16)
14 verbose stack     at Process.ChildProcess._handle.onexit (internal/child_process.js:226:5)
15 verbose pkgid app@0.0.0
16 verbose cwd D:\Sources\youtube_manager
17 error Windows_NT 10.0.15063
18 error argv "C:\\Program Files\\nodejs\\node.exe" "C:\\Program Files\\nodejs\\node_modules\\npm\\bin\\npm-cli.js" "run" "myapp"
19 error node v7.6.0
20 error npm  v4.1.2
21 error code ELIFECYCLE
22 error app@0.0.0 myapp: `node-sass --include-path scss scss/main.scss public/stylesheets/main.css && node ./bin/www`
22 error Exit status 1
23 error Failed at the app@0.0.0 myapp script 'node-sass --include-path scss scss/main.scss public/stylesheets/main.css && node ./bin/www'.
23 error Make sure you have the latest version of node.js and npm installed.
23 error If you do, this is most likely a problem with the app package,
23 error not with npm itself.
23 error Tell the author that this fails on your system:
23 error     node-sass --include-path scss scss/main.scss public/stylesheets/main.css && node ./bin/www
23 error You can get information on how to open an issue for this project with:
23 error     npm bugs app
23 error Or if that isn't available, you can get their info via:
23 error     npm owner ls app
23 error There is likely additional logging output above.
24 verbose exit [ 1, true ]
